#options: 1920x1080 fps=24/1 timebase=1/24 bitdepth=8 cabac=1 ref=1 deblock=1:0:0 analyse=0x1:0 me=dia subme=2 psy=1 psy_rd=1.00:0.00 mixed_ref=0 me_range=16 chroma_me=1 trellis=0 8x8dct=0 cqm=0 deadzone=21,11 fast_pskip=1 chroma_qp_offset=0 threads=12 lookahead_threads=4 sliced_threads=0 nr=0 decimate=1 interlaced=0 bluray_compat=0 constrained_intra=0 bframes=3 b_pyramid=2 b_adapt=1 b_bias=0 direct=1 weightb=1 open_gop=0 weightp=2 keyint=250 keyint_min=24 scenecut=40 intra_refresh=0 rc_lookahead=40 rc=abr mbtree=1 bitrate=10100 ratetol=1.0 qcomp=0.60 qpmin=0 qpmax=69 qpstep=4 ip_ratio=1.40 aq=1:1.00
in:0 out:0 type:I dur:2 cpbdur:2 q:16.79 aq:4.29 tex:135212 mv:51127 misc:229 imb:8160 pmb:0 smb:0 d:- ref:;
in:1 out:1 type:i dur:2 cpbdur:2 q:16.88 aq:5.41 tex:325927 mv:105103 misc:346 imb:8160 pmb:0 smb:0 d:- ref:;
in:3 out:2 type:P dur:2 cpbdur:2 q:17.15 aq:5.09 tex:847779 mv:34801 misc:1108 imb:4916 pmb:2284 smb:960 d:- ref:0 w:5,73,-21,4,16,0,31,-120 ;
in:2 out:3 type:b dur:2 cpbdur:2 q:17.15 aq:7.73 tex:416096 mv:36082 misc:2542 imb:2205 pmb:3602 smb:2353 d:- ref:0 ;
in:7 out:4 type:P dur:2 cpbdur:2 q:17.74 aq:5.97 tex:524382 mv:36679 misc:1715 imb:3159 pmb:3103 smb:1898 d:- ref:0 ;
in:5 out:5 type:B dur:2 cpbdur:2 q:17.44 aq:8.06 tex:235564 mv:34387 misc:4041 imb:468 pmb:4759 smb:2933 d:- ref:0 ;
in:4 out:6 type:b dur:2 cpbdur:2 q:17.29 aq:9.90 tex:114264 mv:24612 misc:5596 imb:166 pmb:4124 smb:3870 d:- ref:0 ;
in:6 out:7 type:b dur:2 cpbdur:2 q:17.59 aq:10.21 tex:116762 mv:27477 misc:5225 imb:218 pmb:4238 smb:3704 d:- ref:0 ;
in:11 out:8 type:P dur:2 cpbdur:2 q:17.54 aq:7.15 tex:497395 mv:38362 misc:1883 imb:3093 pmb:2894 smb:2173 d:- ref:0 ;
in:9 out:9 type:B dur:2 cpbdur:2 q:17.64 aq:8.68 tex:239703 mv:36338 misc:3967 imb:559 pmb:4701 smb:2900 d:- ref:0 ;
in:8 out:10 type:b dur:2 cpbdur:2 q:17.69 aq:10.46 tex:117671 mv:27596 misc:5293 imb:224 pmb:4185 smb:3751 d:- ref:0 ;
in:10 out:11 type:b dur:2 cpbdur:2 q:17.59 aq:9.87 tex:126442 mv:29486 misc:5024 imb:255 pmb:4331 smb:3574 d:- ref:0 ;
in:15 out:12 type:P dur:2 cpbdur:2 q:14.35 aq:4.25 tex:1200418 mv:39284 misc:2074 imb:5153 pmb:864 smb:2143 d:- ref:0 ;
in:13 out:13 type:B dur:2 cpbdur:2 q:15.95 aq:6.76 tex:354618 mv:41207 misc:3623 imb:874 pmb:4559 smb:2727 d:- ref:0 ;
in:12 out:14 type:b dur:2 cpbdur:2 q:16.74 aq:9.05 tex:158326 mv:33274 misc:4720 imb:375 pmb:4419 smb:3366 d:- ref:0 ;
in:14 out:15 type:b dur:2 cpbdur:2 q:15.15 aq:7.62 tex:199236 mv:32769 misc:4683 imb:342 pmb:4445 smb:3373 d:- ref:0 ;
in:19 out:16 type:P dur:2 cpbdur:2 q:18.13 aq:6.60 tex:710298 mv:40442 misc:2244 imb:4861 pmb:1056 smb:2243 d:- ref:0 ;
in:17 out:17 type:B dur:2 cpbdur:2 q:16.24 aq:6.91 tex:333089 mv:40649 misc:3678 imb:741 pmb:4638 smb:2781 d:- ref:0 ;
in:16 out:18 type:b dur:2 cpbdur:2 q:15.29 aq:6.89 tex:167740 mv:31917 misc:5087 imb:339 pmb:4276 smb:3545 d:- ref:0 ;
in:18 out:19 type:b dur:2 cpbdur:2 q:17.18 aq:8.95 tex:124360 mv:31323 misc:5125 imb:328 pmb:4227 smb:3605 d:- ref:0 ;
in:21 out:20 type:P dur:2 cpbdur:2 q:16.35 aq:5.15 tex:450565 mv:36132 misc:3255 imb:2593 pmb:2982 smb:2585 d:- ref:0 ;
in:20 out:21 type:b dur:2 cpbdur:2 q:17.24 aq:8.98 tex:122944 mv:31241 misc:5063 imb:315 pmb:4188 smb:3657 d:- ref:0 ;
in:25 out:22 type:P dur:2 cpbdur:2 q:15.65 aq:3.77 tex:636573 mv:37812 misc:1159 imb:6097 pmb:436 smb:1627 d:- ref:0 ;
in:23 out:23 type:B dur:2 cpbdur:2 q:16.00 aq:6.60 tex:339170 mv:41904 misc:3462 imb:827 pmb:4733 smb:2600 d:- ref:0 ;
in:22 out:24 type:b dur:2 cpbdur:2 q:16.17 aq:7.71 tex:152333 mv:31947 misc:4856 imb:332 pmb:4273 smb:3555 d:- ref:0 ;
in:24 out:25 type:b dur:2 cpbdur:2 q:15.82 aq:6.36 tex:180533 mv:31136 misc:4795 imb:1047 pmb:3989 smb:3124 d:- ref:0 ;
in:26 out:26 type:P dur:2 cpbdur:2 q:15.71 aq:5.06 tex:295300 mv:31440 misc:4228 imb:2359 pmb:2719 smb:3082 d:- ref:0 ;
in:28 out:27 type:P dur:2 cpbdur:2 q:15.46 aq:4.18 tex:399206 mv:36224 misc:3018 imb:3070 pmb:2553 smb:2537 d:- ref:0 ;
in:27 out:28 type:b dur:2 cpbdur:2 q:15.59 aq:6.89 tex:122448 mv:29302 misc:5250 imb:338 pmb:4204 smb:3618 d:- ref:0 ;
in:29 out:29 type:P dur:2 cpbdur:2 q:16.13 aq:4.68 tex:246308 mv:29229 misc:4655 imb:1988 pmb:2763 smb:3409 d:- ref:0 ;
in:32 out:30 type:P dur:2 cpbdur:2 q:15.87 aq:4.82 tex:449447 mv:37204 misc:2837 imb:3074 pmb:2604 smb:2482 d:- ref:0 ;
in:30 out:31 type:B dur:2 cpbdur:2 q:16.04 aq:6.32 tex:168676 mv:28918 misc:5046 imb:470 pmb:4100 smb:3590 d:- ref:0 ;
in:31 out:32 type:b dur:2 cpbdur:2 q:15.96 aq:7.47 tex:111850 mv:26632 misc:5358 imb:337 pmb:4149 smb:3674 d:- ref:0 ;
in:33 out:33 type:P dur:2 cpbdur:2 q:15.45 aq:4.84 tex:294414 mv:26825 misc:4825 imb:1676 pmb:2991 smb:3493 d:- ref:0 ;
in:34 out:34 type:P dur:2 cpbdur:2 q:15.68 aq:5.66 tex:318965 mv:26975 misc:4844 imb:1660 pmb:3010 smb:3490 d:- ref:0 ;
in:35 out:35 type:P dur:2 cpbdur:2 q:15.70 aq:4.86 tex:292028 mv:27685 misc:4759 imb:1823 pmb:2989 smb:3348 d:- ref:0 ;
in:36 out:36 type:P dur:2 cpbdur:2 q:15.59 aq:4.10 tex:352570 mv:29302 misc:4504 imb:1954 pmb:2930 smb:3276 d:- ref:0 ;
in:37 out:37 type:P dur:2 cpbdur:2 q:15.46 aq:4.62 tex:308384 mv:27311 misc:4761 imb:1570 pmb:3080 smb:3510 d:- ref:0 ;
in:38 out:38 type:P dur:2 cpbdur:2 q:15.33 aq:4.41 tex:389901 mv:26520 misc:4779 imb:1509 pmb:3082 smb:3569 d:- ref:0 ;
in:39 out:39 type:P dur:2 cpbdur:2 q:15.27 aq:4.52 tex:318820 mv:25447 misc:4861 imb:1345 pmb:3152 smb:3663 d:- ref:0 ;
in:40 out:40 type:P dur:2 cpbdur:2 q:15.07 aq:4.23 tex:387999 mv:24270 misc:5027 imb:1375 pmb:3092 smb:3693 d:- ref:0 ;
in:41 out:41 type:P dur:2 cpbdur:2 q:14.91 aq:4.70 tex:339939 mv:24727 misc:4990 imb:1251 pmb:3124 smb:3785 d:- ref:0 ;
in:42 out:42 type:P dur:2 cpbdur:2 q:14.86 aq:4.56 tex:455752 mv:26625 misc:4799 imb:1386 pmb:3209 smb:3565 d:- ref:0 ;
in:44 out:43 type:P dur:2 cpbdur:2 q:14.73 aq:4.55 tex:564257 mv:32992 misc:3919 imb:1993 pmb:3167 smb:3000 d:- ref:0 ;
in:43 out:44 type:b dur:2 cpbdur:2 q:14.80 aq:6.94 tex:133601 mv:27152 misc:5343 imb:179 pmb:4115 smb:3866 d:- ref:0 ;
in:45 out:45 type:P dur:2 cpbdur:2 q:14.42 aq:4.33 tex:388456 mv:25138 misc:5006 imb:1160 pmb:3230 smb:3770 d:- ref:0 ;
in:47 out:46 type:P dur:2 cpbdur:2 q:14.37 aq:5.32 tex:535925 mv:32307 misc:3848 imb:2086 pmb:3076 smb:2998 d:- ref:0 ;
in:46 out:47 type:b dur:2 cpbdur:2 q:14.39 aq:6.08 tex:209830 mv:28422 misc:4772 imb:241 pmb:4330 smb:3589 d:- ref:0 ;
in:48 out:48 type:P dur:2 cpbdur:2 q:14.22 aq:2.74 tex:632438 mv:37270 misc:1204 imb:4921 pmb:1658 smb:1581 d:- ref:0 ;
in:49 out:49 type:P dur:2 cpbdur:2 q:14.22 aq:3.27 tex:345789 mv:27451 misc:4208 imb:2208 pmb:2624 smb:3328 d:- ref:0 ;
in:50 out:50 type:P dur:2 cpbdur:2 q:14.23 aq:3.53 tex:444976 mv:27158 misc:4354 imb:1825 pmb:2761 smb:3574 d:- ref:0 ;
in:52 out:51 type:P dur:2 cpbdur:2 q:14.22 aq:3.70 tex:606946 mv:34058 misc:3124 imb:2675 pmb:2683 smb:2802 d:- ref:0 ;
in:51 out:52 type:b dur:2 cpbdur:2 q:14.23 aq:5.80 tex:144329 mv:27140 misc:5203 imb:209 pmb:4130 smb:3821 d:- ref:0 ;
in:54 out:53 type:P dur:2 cpbdur:2 q:14.22 aq:3.24 tex:629397 mv:33555 misc:3464 imb:2525 pmb:2748 smb:2887 d:- ref:0 ;
in:53 out:54 type:b dur:2 cpbdur:2 q:14.22 aq:6.36 tex:149354 mv:26605 misc:5033 imb:188 pmb:4203 smb:3769 d:- ref:0 ;
in:58 out:55 type:P dur:2 cpbdur:2 q:14.39 aq:3.18 tex:864396 mv:38726 misc:2574 imb:3495 pmb:2265 smb:2400 d:- ref:0 ;
in:56 out:56 type:B dur:2 cpbdur:2 q:14.31 aq:4.62 tex:411314 mv:38294 misc:3888 imb:553 pmb:4668 smb:2939 d:- ref:0 ;
in:55 out:57 type:b dur:2 cpbdur:2 q:14.27 aq:6.21 tex:148604 mv:26649 misc:5171 imb:186 pmb:4167 smb:3807 d:- ref:0 ;
in:57 out:58 type:b dur:2 cpbdur:2 q:14.35 aq:6.40 tex:169063 mv:27455 misc:4946 imb:218 pmb:4348 smb:3594 d:- ref:0 ;
in:62 out:59 type:P dur:2 cpbdur:2 q:14.29 aq:3.26 tex:883372 mv:37005 misc:2703 imb:3621 pmb:2330 smb:2209 d:- ref:0 ;
in:60 out:60 type:B dur:2 cpbdur:2 q:14.34 aq:5.17 tex:363619 mv:37079 misc:3806 imb:622 pmb:4596 smb:2942 d:- ref:0 ;
in:59 out:61 type:b dur:2 cpbdur:2 q:14.36 aq:6.50 tex:142286 mv:28300 misc:5246 imb:230 pmb:4228 smb:3702 d:- ref:0 ;
in:61 out:62 type:b dur:2 cpbdur:2 q:14.31 aq:6.67 tex:154754 mv:29686 misc:5104 imb:155 pmb:4287 smb:3718 d:- ref:0 ;
in:65 out:63 type:P dur:2 cpbdur:2 q:14.44 aq:3.46 tex:782050 mv:35845 misc:3257 imb:2359 pmb:3179 smb:2622 d:- ref:0 ;
in:63 out:64 type:B dur:2 cpbdur:2 q:14.34 aq:5.93 tex:213586 mv:29812 misc:4938 imb:249 pmb:4255 smb:3656 d:- ref:0 ;
in:64 out:65 type:b dur:2 cpbdur:2 q:14.39 aq:6.89 tex:192150 mv:29645 misc:4861 imb:216 pmb:4306 smb:3638 d:- ref:0 ;
in:67 out:66 type:P dur:2 cpbdur:2 q:14.31 aq:3.64 tex:664268 mv:32400 misc:3852 imb:1793 pmb:3411 smb:2956 d:- ref:0 ;
in:66 out:67 type:b dur:2 cpbdur:2 q:14.37 aq:6.99 tex:173641 mv:26793 misc:4902 imb:196 pmb:4282 smb:3682 d:- ref:0 ;
in:68 out:68 type:P dur:2 cpbdur:2 q:14.52 aq:3.92 tex:528422 mv:24141 misc:4773 imb:1355 pmb:3373 smb:3432 d:- ref:0 ;
in:72 out:69 type:P dur:2 cpbdur:2 q:14.43 aq:3.12 tex:809301 mv:37558 misc:1053 imb:4620 pmb:1865 smb:1675 d:- ref:0 ;
in:70 out:70 type:B dur:2 cpbdur:2 q:14.47 aq:5.21 tex:485496 mv:38705 misc:3391 imb:525 pmb:4989 smb:2646 d:- ref:0 ;
in:69 out:71 type:b dur:2 cpbdur:2 q:14.49 aq:7.07 tex:151852 mv:28870 misc:5094 imb:181 pmb:4262 smb:3717 d:- ref:0 ;
in:71 out:72 type:b dur:2 cpbdur:2 q:14.45 aq:6.65 tex:249072 mv:30859 misc:4565 imb:344 pmb:4677 smb:3139 d:- ref:0 ;
in:74 out:73 type:P dur:2 cpbdur:2 q:14.45 aq:3.72 tex:586885 mv:34015 misc:2924 imb:2761 pmb:2927 smb:2472 d:- ref:0 ;
in:73 out:74 type:b dur:2 cpbdur:2 q:14.44 aq:6.62 tex:152364 mv:28701 misc:5023 imb:219 pmb:4246 smb:3695 d:- ref:0 ;
in:76 out:75 type:P dur:2 cpbdur:2 q:14.50 aq:3.83 tex:717557 mv:34762 misc:3097 imb:2619 pmb:3042 smb:2499 d:- ref:0 ;
in:75 out:76 type:b dur:2 cpbdur:2 q:14.48 aq:6.55 tex:160534 mv:30364 misc:4910 imb:247 pmb:4239 smb:3674 d:- ref:0 ;
in:77 out:77 type:P dur:2 cpbdur:2 q:14.42 aq:3.88 tex:493142 mv:28103 misc:4267 imb:1629 pmb:3321 smb:3210 d:- ref:0 ;
in:78 out:78 type:P dur:2 cpbdur:2 q:14.55 aq:3.94 tex:591135 mv:27028 misc:4213 imb:1579 pmb:3337 smb:3244 d:- ref:0 ;
in:81 out:79 type:P dur:2 cpbdur:2 q:14.54 aq:3.93 tex:866935 mv:37083 misc:2734 imb:2450 pmb:3173 smb:2537 d:- ref:0 ;
in:79 out:80 type:B dur:2 cpbdur:2 q:14.55 aq:6.32 tex:214238 mv:30434 misc:4992 imb:380 pmb:4131 smb:3649 d:- ref:0 ;
in:80 out:81 type:b dur:2 cpbdur:2 q:14.54 aq:7.33 tex:218715 mv:31834 misc:4371 imb:315 pmb:4513 smb:3332 d:- ref:0 ;
in:83 out:82 type:P dur:2 cpbdur:2 q:14.80 aq:4.23 tex:734270 mv:34298 misc:3304 imb:1851 pmb:3530 smb:2779 d:- ref:0 ;
in:82 out:83 type:b dur:2 cpbdur:2 q:14.67 aq:7.91 tex:187448 mv:28771 misc:4645 imb:249 pmb:4446 smb:3465 d:- ref:0 ;
in:86 out:84 type:P dur:2 cpbdur:2 q:14.71 aq:3.91 tex:950722 mv:39443 misc:2523 imb:2462 pmb:3310 smb:2388 d:- ref:0 ;
in:84 out:85 type:B dur:2 cpbdur:2 q:14.77 aq:6.70 tex:298340 mv:36336 misc:4324 imb:434 pmb:4422 smb:3304 d:- ref:0 ;
in:85 out:86 type:b dur:2 cpbdur:2 q:14.74 aq:8.03 tex:172231 mv:33756 misc:4605 imb:204 pmb:4536 smb:3420 d:- ref:0 ;
in:88 out:87 type:P dur:2 cpbdur:2 q:14.78 aq:4.02 tex:775232 mv:35392 misc:3512 imb:1827 pmb:3574 smb:2759 d:- ref:0 ;
in:87 out:88 type:b dur:2 cpbdur:2 q:14.75 aq:7.87 tex:168072 mv:35128 misc:4752 imb:175 pmb:4481 smb:3504 d:- ref:0 ;
in:92 out:89 type:P dur:2 cpbdur:2 q:14.73 aq:4.28 tex:1006686 mv:40027 misc:2807 imb:2682 pmb:3229 smb:2249 d:- ref:0 ;
in:90 out:90 type:B dur:2 cpbdur:2 q:14.76 aq:6.27 tex:406894 mv:45154 misc:3560 imb:621 pmb:4709 smb:2830 d:- ref:0 ;
in:89 out:91 type:b dur:2 cpbdur:2 q:14.77 aq:7.83 tex:164871 mv:35861 misc:4764 imb:207 pmb:4435 smb:3518 d:- ref:0 ;
in:91 out:92 type:b dur:2 cpbdur:2 q:14.75 aq:8.29 tex:170644 mv:37330 misc:4826 imb:259 pmb:4446 smb:3455 d:- ref:0 ;
in:96 out:93 type:P dur:2 cpbdur:2 q:14.79 aq:3.63 tex:1022199 mv:41624 misc:1049 imb:4339 pmb:2249 smb:1572 d:- ref:0 ;
in:94 out:94 type:B dur:2 cpbdur:2 q:14.76 aq:6.39 tex:527683 mv:47286 misc:2943 imb:722 pmb:4934 smb:2504 d:- ref:0 ;
in:93 out:95 type:b dur:2 cpbdur:2 q:14.75 aq:8.36 tex:189428 mv:36956 misc:4648 imb:292 pmb:4488 smb:3380 d:- ref:0 ;
in:95 out:96 type:b dur:2 cpbdur:2 q:14.78 aq:7.73 tex:309878 mv:38149 misc:3965 imb:408 pmb:4860 smb:2892 d:- ref:0 ;
in:100 out:97 type:P dur:2 cpbdur:2 q:15.02 aq:4.49 tex:971061 mv:39936 misc:2315 imb:3273 pmb:2783 smb:2104 d:- ref:0 ;
in:98 out:98 type:B dur:2 cpbdur:2 q:14.91 aq:6.80 tex:397026 mv:42895 misc:3503 imb:700 pmb:4630 smb:2830 d:- ref:0 ;
in:97 out:99 type:b dur:2 cpbdur:2 q:14.85 aq:7.41 tex:172946 mv:34915 misc:4723 imb:272 pmb:4359 smb:3529 d:- ref:0 ;
in:99 out:100 type:b dur:2 cpbdur:2 q:14.96 aq:7.99 tex:183683 mv:37036 misc:4457 imb:293 pmb:4474 smb:3393 d:- ref:0 ;
in:104 out:101 type:P dur:2 cpbdur:2 q:15.20 aq:4.99 tex:979932 mv:42535 misc:2181 imb:2883 pmb:3208 smb:2069 d:- ref:0 ;
in:102 out:102 type:B dur:2 cpbdur:2 q:15.11 aq:6.73 tex:436166 mv:46524 misc:3014 imb:671 pmb:4876 smb:2613 d:- ref:0 ;
in:101 out:103 type:b dur:2 cpbdur:2 q:15.06 aq:8.52 tex:185719 mv:36794 misc:4431 imb:241 pmb:4559 smb:3360 d:- ref:0 ;
in:103 out:104 type:b dur:2 cpbdur:2 q:15.15 aq:8.66 tex:197118 mv:38195 misc:4383 imb:297 pmb:4703 smb:3160 d:- ref:0 ;
in:106 out:105 type:P dur:2 cpbdur:2 q:15.27 aq:5.09 tex:765748 mv:37785 misc:2835 imb:2251 pmb:3565 smb:2344 d:- ref:0 ;
in:105 out:106 type:b dur:2 cpbdur:2 q:15.23 aq:8.54 tex:174882 mv:36428 misc:4730 imb:273 pmb:4523 smb:3364 d:- ref:0 ;
in:110 out:107 type:P dur:2 cpbdur:2 q:15.37 aq:5.11 tex:1097766 mv:43609 misc:1977 imb:3426 pmb:2824 smb:1910 d:- ref:0 ;
in:108 out:108 type:B dur:2 cpbdur:2 q:15.32 aq:7.49 tex:462659 mv:53613 misc:2952 imb:840 pmb:4725 smb:2595 d:- ref:0 ;
in:107 out:109 type:b dur:2 cpbdur:2 q:15.30 aq:8.55 tex:205763 mv:40118 misc:4383 imb:327 pmb:4617 smb:3216 d:- ref:0 ;
in:109 out:110 type:b dur:2 cpbdur:2 q:15.35 aq:8.97 tex:223541 mv:42228 misc:4207 imb:286 pmb:4716 smb:3158 d:- ref:0 ;
in:114 out:111 type:P dur:2 cpbdur:2 q:15.58 aq:5.57 tex:1054866 mv:44273 misc:2173 imb:3459 pmb:3184 smb:1517 d:- ref:0 ;
in:112 out:112 type:B dur:2 cpbdur:2 q:15.48 aq:8.06 tex:450721 mv:53341 misc:3082 imb:654 pmb:4818 smb:2688 d:- ref:0 ;
in:111 out:113 type:b dur:2 cpbdur:2 q:15.42 aq:9.53 tex:223218 mv:43391 misc:4119 imb:382 pmb:4642 smb:3136 d:- ref:0 ;
in:113 out:114 type:b dur:2 cpbdur:2 q:15.53 aq:9.62 tex:245397 mv:43064 misc:3907 imb:399 pmb:4639 smb:3122 d:- ref:0 ;
in:118 out:115 type:P dur:2 cpbdur:2 q:15.67 aq:5.97 tex:1003209 mv:46759 misc:2096 imb:2631 pmb:3447 smb:2082 d:- ref:0 ;
in:116 out:116 type:B dur:2 cpbdur:2 q:15.63 aq:8.27 tex:498941 mv:52131 misc:2856 imb:684 pmb:4901 smb:2575 d:- ref:0 ;
in:115 out:117 type:b dur:2 cpbdur:2 q:15.60 aq:10.14 tex:225714 mv:42726 misc:3952 imb:254 pmb:4802 smb:3104 d:- ref:0 ;
in:117 out:118 type:b dur:2 cpbdur:2 q:15.65 aq:9.77 tex:213404 mv:44379 misc:3993 imb:298 pmb:4804 smb:3058 d:- ref:0 ;
in:122 out:119 type:P dur:2 cpbdur:2 q:15.78 aq:5.26 tex:1106058 mv:48435 misc:1011 imb:4456 pmb:2729 smb:975 d:- ref:0 ;
in:120 out:120 type:B dur:2 cpbdur:2 q:15.73 aq:7.56 tex:441996 mv:47872 misc:2852 imb:1442 pmb:4201 smb:2517 d:- ref:0 ;
in:119 out:121 type:b dur:2 cpbdur:2 q:15.70 aq:9.74 tex:296661 mv:45976 misc:3443 imb:529 pmb:4947 smb:2684 d:- ref:0 ;
in:121 out:122 type:b dur:2 cpbdur:2 q:15.75 aq:9.54 tex:168465 mv:38492 misc:4659 imb:289 pmb:4516 smb:3355 d:- ref:0 ;
in:125 out:123 type:P dur:2 cpbdur:2 q:15.90 aq:5.59 tex:760233 mv:45402 misc:2093 imb:2544 pmb:3408 smb:2208 d:- ref:0 ;
in:123 out:124 type:B dur:2 cpbdur:2 q:15.82 aq:8.69 tex:218567 mv:40204 misc:4669 imb:390 pmb:4420 smb:3350 d:- ref:0 ;
in:124 out:125 type:b dur:2 cpbdur:2 q:15.86 aq:9.25 tex:182025 mv:42767 misc:4376 imb:306 pmb:4696 smb:3158 d:- ref:0 ;
in:129 out:126 type:P dur:2 cpbdur:2 q:15.93 aq:5.85 tex:880733 mv:46604 misc:1863 imb:2861 pmb:3285 smb:2014 d:- ref:0 ;
in:127 out:127 type:B dur:2 cpbdur:2 q:15.91 aq:8.38 tex:417172 mv:53248 misc:2924 imb:754 pmb:4877 smb:2529 d:- ref:0 ;
in:126 out:128 type:b dur:2 cpbdur:2 q:15.90 aq:9.58 tex:197355 mv:44123 misc:4242 imb:355 pmb:4676 smb:3129 d:- ref:0 ;
in:128 out:129 type:b dur:2 cpbdur:2 q:15.92 aq:9.80 tex:182061 mv:41552 misc:4355 imb:326 pmb:4710 smb:3124 d:- ref:0 ;
in:132 out:130 type:P dur:2 cpbdur:2 q:16.09 aq:6.19 tex:787562 mv:47075 misc:1971 imb:2642 pmb:3500 smb:2018 d:- ref:0 ;
in:130 out:131 type:B dur:2 cpbdur:2 q:15.98 aq:8.71 tex:314184 mv:46273 misc:3791 imb:547 pmb:4710 smb:2903 d:- ref:0 ;
in:131 out:132 type:b dur:2 cpbdur:2 q:16.04 aq:9.53 tex:189880 mv:44807 misc:4353 imb:316 pmb:4750 smb:3094 d:- ref:0 ;
in:136 out:133 type:P dur:2 cpbdur:2 q:16.33 aq:7.44 tex:649361 mv:50353 misc:1726 imb:2734 pmb:3538 smb:1888 d:- ref:0 ;
in:134 out:134 type:B dur:2 cpbdur:2 q:16.21 aq:8.27 tex:411533 mv:59892 misc:2623 imb:644 pmb:5153 smb:2363 d:- ref:0 ;
in:133 out:135 type:b dur:2 cpbdur:2 q:16.15 aq:9.67 tex:192862 mv:47657 misc:4081 imb:312 pmb:4937 smb:2911 d:- ref:0 ;
in:135 out:136 type:b dur:2 cpbdur:2 q:16.27 aq:9.60 tex:232669 mv:47203 misc:3584 imb:376 pmb:5012 smb:2772 d:- ref:0 ;
in:137 out:137 type:P dur:2 cpbdur:2 q:16.23 aq:8.11 tex:327467 mv:37826 misc:3555 imb:1346 pmb:4089 smb:2725 d:- ref:0 ;
in:138 out:138 type:I dur:2 cpbdur:2 q:12.78 aq:5.54 tex:2622495 mv:300404 misc:573 imb:8160 pmb:0 smb:0 d:- ref:;
in:141 out:139 type:P dur:2 cpbdur:2 q:17.00 aq:9.16 tex:996935 mv:41538 misc:871 imb:681 pmb:5902 smb:1577 d:- ref:0 w:6,63,0 ;
in:139 out:140 type:B dur:2 cpbdur:2 q:17.00 aq:13.84 tex:223043 mv:45154 misc:3067 imb:65 pmb:5666 smb:2429 d:- ref:0 ;
in:140 out:141 type:b dur:2 cpbdur:2 q:17.00 aq:14.65 tex:174368 mv:49427 misc:3045 imb:55 pmb:5709 smb:2396 d:- ref:0 ;
in:144 out:142 type:P dur:2 cpbdur:2 q:17.11 aq:8.87 tex:1331098 mv:44127 misc:743 imb:1599 pmb:5617 smb:944 d:- ref:0 w:6,63,0 ;
in:142 out:143 type:B dur:2 cpbdur:2 q:17.03 aq:13.83 tex:271450 mv:46414 misc:2616 imb:76 pmb:5820 smb:2264 d:- ref:0 ;
in:143 out:144 type:b dur:2 cpbdur:2 q:17.07 aq:14.51 tex:236983 mv:46921 misc:2416 imb:83 pmb:5863 smb:2214 d:- ref:0 ;
in:148 out:145 type:P dur:2 cpbdur:2 q:17.25 aq:9.00 tex:1227038 mv:46633 misc:889 imb:567 pmb:5818 smb:1775 d:- ref:0 w:6,63,0 ;
in:146 out:146 type:B dur:2 cpbdur:2 q:17.18 aq:13.25 tex:403345 mv:66554 misc:1229 imb:141 pmb:6029 smb:1990 d:- ref:0 ;
in:145 out:147 type:b dur:2 cpbdur:2 q:17.14 aq:14.55 tex:186294 mv:54232 misc:2946 imb:86 pmb:5727 smb:2347 d:- ref:0 ;
in:147 out:148 type:b dur:2 cpbdur:2 q:17.22 aq:14.56 tex:197558 mv:47529 misc:2721 imb:87 pmb:5777 smb:2296 d:- ref:0 ;
in:152 out:149 type:P dur:2 cpbdur:2 q:17.36 aq:9.22 tex:1184929 mv:46223 misc:840 imb:613 pmb:5774 smb:1773 d:- ref:0 w:6,63,0 ;
in:150 out:150 type:B dur:2 cpbdur:2 q:17.31 aq:13.23 tex:431668 mv:64433 misc:1363 imb:178 pmb:5988 smb:1994 d:- ref:0 ;
in:149 out:151 type:b dur:2 cpbdur:2 q:17.28 aq:14.57 tex:187718 mv:50905 misc:2897 imb:82 pmb:5733 smb:2345 d:- ref:0 ;
in:151 out:152 type:b dur:2 cpbdur:2 q:17.33 aq:14.58 tex:168846 mv:52157 misc:3125 imb:97 pmb:5664 smb:2399 d:- ref:0 ;
in:156 out:153 type:P dur:2 cpbdur:2 q:17.44 aq:9.56 tex:1145215 mv:52186 misc:855 imb:825 pmb:5547 smb:1788 d:- ref:0 ;
in:154 out:154 type:B dur:2 cpbdur:2 q:17.40 aq:13.28 tex:359784 mv:62784 misc:1920 imb:192 pmb:5854 smb:2114 d:- ref:0 ;
in:153 out:155 type:b dur:2 cpbdur:2 q:17.38 aq:14.61 tex:202305 mv:49903 misc:2816 imb:136 pmb:5730 smb:2294 d:- ref:0 ;
in:155 out:156 type:b dur:2 cpbdur:2 q:17.42 aq:14.46 tex:217225 mv:54294 misc:2593 imb:134 pmb:5776 smb:2250 d:- ref:0 ;
in:159 out:157 type:P dur:2 cpbdur:2 q:17.69 aq:9.72 tex:1106837 mv:52044 misc:823 imb:1211 pmb:5349 smb:1600 d:- ref:0 ;
in:157 out:158 type:B dur:2 cpbdur:2 q:17.52 aq:14.08 tex:279042 mv:62384 misc:2902 imb:319 pmb:5494 smb:2347 d:- ref:0 ;
in:158 out:159 type:b dur:2 cpbdur:2 q:17.60 aq:14.83 tex:198632 mv:55117 misc:3051 imb:169 pmb:5603 smb:2388 d:- ref:0 ;
in:162 out:160 type:P dur:2 cpbdur:2 q:17.66 aq:9.42 tex:1243924 mv:48078 misc:830 imb:1591 pmb:5354 smb:1215 d:- ref:0 w:6,63,0 ;
in:160 out:161 type:B dur:2 cpbdur:2 q:17.68 aq:13.84 tex:271323 mv:53008 misc:3213 imb:167 pmb:5523 smb:2470 d:- ref:0 ;
in:161 out:162 type:b dur:2 cpbdur:2 q:17.67 aq:14.72 tex:219435 mv:52896 misc:2837 imb:193 pmb:5629 smb:2338 d:- ref:0 ;
in:165 out:163 type:P dur:2 cpbdur:2 q:17.88 aq:9.92 tex:850703 mv:51000 misc:905 imb:966 pmb:5591 smb:1603 d:- ref:0 ;
in:163 out:164 type:B dur:2 cpbdur:2 q:17.73 aq:14.03 tex:191202 mv:50716 misc:4274 imb:140 pmb:5154 smb:2866 d:- ref:0 ;
in:164 out:165 type:b dur:2 cpbdur:2 q:17.81 aq:14.53 tex:172491 mv:53509 misc:3440 imb:119 pmb:5474 smb:2567 d:- ref:0 ;
in:167 out:166 type:P dur:2 cpbdur:2 q:18.00 aq:10.08 tex:822318 mv:49852 misc:830 imb:1397 pmb:5368 smb:1395 d:- ref:0 ;
in:166 out:167 type:b dur:2 cpbdur:2 q:17.94 aq:14.65 tex:170118 mv:54298 misc:4144 imb:144 pmb:5249 smb:2767 d:- ref:0 ;
in:170 out:168 type:P dur:2 cpbdur:2 q:18.00 aq:9.81 tex:1118837 mv:55242 misc:801 imb:1687 pmb:4899 smb:1574 d:- ref:0 ;
in:168 out:169 type:B dur:2 cpbdur:2 q:18.00 aq:13.67 tex:359367 mv:62960 misc:2121 imb:486 pmb:5487 smb:2187 d:- ref:0 ;
in:169 out:170 type:b dur:2 cpbdur:2 q:18.00 aq:14.75 tex:206935 mv:64011 misc:3198 imb:189 pmb:5485 smb:2486 d:- ref:0 ;
in:174 out:171 type:P dur:2 cpbdur:2 q:18.15 aq:10.02 tex:1012431 mv:55917 misc:796 imb:1238 pmb:5021 smb:1901 d:- ref:0 ;
in:172 out:172 type:B dur:2 cpbdur:2 q:18.08 aq:13.19 tex:343361 mv:72336 misc:2135 imb:312 pmb:5698 smb:2150 d:- ref:0 ;
in:171 out:173 type:b dur:2 cpbdur:2 q:18.04 aq:14.62 tex:215699 mv:58955 misc:2706 imb:186 pmb:5649 smb:2325 d:- ref:0 ;
in:173 out:174 type:b dur:2 cpbdur:2 q:18.11 aq:14.74 tex:196152 mv:57677 misc:3083 imb:146 pmb:5595 smb:2419 d:- ref:0 ;
in:178 out:175 type:P dur:2 cpbdur:2 q:18.36 aq:10.24 tex:992597 mv:57549 misc:814 imb:1684 pmb:5099 smb:1377 d:- ref:0 ;
in:176 out:176 type:B dur:2 cpbdur:2 q:18.26 aq:13.99 tex:362497 mv:73333 misc:1866 imb:306 pmb:5723 smb:2131 d:- ref:0 ;
in:175 out:177 type:b dur:2 cpbdur:2 q:18.20 aq:15.31 tex:163849 mv:59762 misc:3445 imb:159 pmb:5455 smb:2546 d:- ref:0 ;
in:177 out:178 type:b dur:2 cpbdur:2 q:18.31 aq:15.59 tex:196402 mv:54668 misc:2546 imb:143 pmb:5731 smb:2286 d:- ref:0 ;
in:182 out:179 type:P dur:2 cpbdur:2 q:18.37 aq:10.13 tex:1075695 mv:59558 misc:827 imb:1380 pmb:5177 smb:1603 d:- ref:0 ;
in:180 out:180 type:B dur:2 cpbdur:2 q:18.37 aq:14.06 tex:367555 mv:68318 misc:1655 imb:264 pmb:5826 smb:2070 d:- ref:0 ;
in:179 out:181 type:b dur:2 cpbdur:2 q:18.36 aq:15.48 tex:163224 mv:53729 misc:3319 imb:132 pmb:5499 smb:2529 d:- ref:0 ;
in:181 out:182 type:b dur:2 cpbdur:2 q:18.37 aq:15.43 tex:144992 mv:57060 misc:3420 imb:131 pmb:5476 smb:2553 d:- ref:0 ;
in:186 out:183 type:P dur:2 cpbdur:2 q:18.60 aq:10.22 tex:1018775 mv:56455 misc:850 imb:1612 pmb:5165 smb:1383 d:- ref:0 w:7,127,0 ;
in:184 out:184 type:B dur:2 cpbdur:2 q:18.48 aq:13.97 tex:320161 mv:62749 misc:2034 imb:181 pmb:5848 smb:2131 d:- ref:0 ;
in:183 out:185 type:b dur:2 cpbdur:2 q:18.43 aq:15.49 tex:156768 mv:47583 misc:3401 imb:98 pmb:5561 smb:2501 d:- ref:0 ;
in:185 out:186 type:b dur:2 cpbdur:2 q:18.54 aq:15.52 tex:171243 mv:45504 misc:3045 imb:138 pmb:5611 smb:2411 d:- ref:0 ;
in:190 out:187 type:P dur:2 cpbdur:2 q:18.70 aq:10.54 tex:786122 mv:56037 misc:833 imb:1401 pmb:5232 smb:1527 d:- ref:0 w:7,127,0 ;
in:188 out:188 type:B dur:2 cpbdur:2 q:18.65 aq:14.11 tex:294491 mv:63497 misc:2164 imb:205 pmb:5787 smb:2168 d:- ref:0 ;
in:187 out:189 type:b dur:2 cpbdur:2 q:18.63 aq:15.47 tex:113055 mv:47576 misc:4169 imb:76 pmb:5275 smb:2809 d:- ref:0 ;
in:189 out:190 type:b dur:2 cpbdur:2 q:18.68 aq:15.55 tex:159971 mv:46638 misc:2975 imb:155 pmb:5604 smb:2401 d:- ref:0 ;
in:194 out:191 type:P dur:2 cpbdur:2 q:18.80 aq:10.59 tex:869032 mv:58120 misc:816 imb:1808 pmb:4982 smb:1370 d:- ref:0 w:7,127,0 ;
in:192 out:192 type:B dur:2 cpbdur:2 q:18.75 aq:14.05 tex:353507 mv:66636 misc:1233 imb:540 pmb:5608 smb:2012 d:- ref:0 ;
in:191 out:193 type:b dur:2 cpbdur:2 q:18.73 aq:15.48 tex:147865 mv:48583 misc:3952 imb:160 pmb:5276 smb:2724 d:- ref:0 ;
in:193 out:194 type:b dur:2 cpbdur:2 q:18.77 aq:15.46 tex:144442 mv:56299 misc:3251 imb:187 pmb:5509 smb:2464 d:- ref:0 ;
in:198 out:195 type:P dur:2 cpbdur:2 q:18.87 aq:10.96 tex:694021 mv:57337 misc:786 imb:1069 pmb:5229 smb:1862 d:- ref:0 w:7,127,0 ;
in:196 out:196 type:B dur:2 cpbdur:2 q:18.83 aq:14.18 tex:259283 mv:62567 misc:2238 imb:280 pmb:5680 smb:2200 d:- ref:0 ;
in:195 out:197 type:b dur:2 cpbdur:2 q:18.81 aq:15.53 tex:153357 mv:50885 misc:2966 imb:167 pmb:5587 smb:2406 d:- ref:0 ;
in:197 out:198 type:b dur:2 cpbdur:2 q:18.85 aq:15.50 tex:146460 mv:48591 misc:3421 imb:133 pmb:5490 smb:2537 d:- ref:0 ;
in:202 out:199 type:P dur:2 cpbdur:2 q:18.85 aq:11.88 tex:563675 mv:58313 misc:788 imb:1368 pmb:4901 smb:1891 d:- ref:0 ;
in:200 out:200 type:B dur:2 cpbdur:2 q:18.86 aq:14.22 tex:320604 mv:65291 misc:1585 imb:261 pmb:5830 smb:2069 d:- ref:0 ;
in:199 out:201 type:b dur:2 cpbdur:2 q:18.86 aq:15.57 tex:128845 mv:52422 misc:3653 imb:149 pmb:5349 smb:2662 d:- ref:0 ;
in:201 out:202 type:b dur:2 cpbdur:2 q:18.85 aq:15.29 tex:167010 mv:49401 misc:2845 imb:193 pmb:5605 smb:2362 d:- ref:0 ;
in:203 out:203 type:P dur:2 cpbdur:2 q:18.81 aq:12.87 tex:232813 mv:41470 misc:1797 imb:775 pmb:5581 smb:1804 d:- ref:0 ;
in:204 out:204 type:I dur:2 cpbdur:2 q:15.49 aq:2.22 tex:164952 mv:38703 misc:361 imb:8160 pmb:0 smb:0 d:- ref:;
in:208 out:205 type:P dur:2 cpbdur:2 q:18.80 aq:5.60 tex:136539 mv:29838 misc:2031 imb:5228 pmb:724 smb:2208 d:- ref:0 ;
in:206 out:206 type:B dur:2 cpbdur:2 q:18.80 aq:7.32 tex:128726 mv:25351 misc:4643 imb:1009 pmb:4047 smb:3104 d:- ref:0 ;
in:205 out:207 type:b dur:2 cpbdur:2 q:18.80 aq:7.16 tex:87289 mv:19087 misc:5376 imb:596 pmb:3965 smb:3599 d:- ref:0 ;
in:207 out:208 type:b dur:2 cpbdur:2 q:18.80 aq:6.96 tex:78786 mv:17408 misc:5862 imb:451 pmb:3685 smb:4024 d:- ref:0 ;
in:212 out:209 type:P dur:2 cpbdur:2 q:18.64 aq:4.59 tex:130016 mv:29574 misc:2106 imb:5369 pmb:606 smb:2185 d:- ref:0 ;
in:210 out:210 type:B dur:2 cpbdur:2 q:18.72 aq:7.01 tex:118688 mv:25498 misc:4878 imb:1055 pmb:3891 smb:3214 d:- ref:0 ;
in:209 out:211 type:b dur:2 cpbdur:2 q:18.76 aq:8.39 tex:77257 mv:17787 misc:5812 imb:540 pmb:3620 smb:4000 d:- ref:0 ;
in:211 out:212 type:b dur:2 cpbdur:2 q:18.68 aq:8.34 tex:82684 mv:20823 misc:5589 imb:681 pmb:3674 smb:3805 d:- ref:0 ;
in:214 out:213 type:P dur:2 cpbdur:2 q:18.49 aq:6.75 tex:187898 mv:32984 misc:2606 imb:4688 pmb:934 smb:2538 d:- ref:0 ;
in:213 out:214 type:b dur:2 cpbdur:2 q:18.56 aq:8.66 tex:96096 mv:23252 misc:5316 imb:655 pmb:3855 smb:3650 d:- ref:0 ;
in:216 out:215 type:P dur:2 cpbdur:2 q:18.38 aq:6.01 tex:233481 mv:35555 misc:1556 imb:5373 pmb:661 smb:2126 d:- ref:0 ;
in:215 out:216 type:b dur:2 cpbdur:2 q:18.43 aq:8.55 tex:135319 mv:29274 misc:4663 imb:785 pmb:4223 smb:3152 d:- ref:0 ;
in:220 out:217 type:P dur:2 cpbdur:2 q:18.25 aq:5.32 tex:264464 mv:39416 misc:1616 imb:5109 pmb:931 smb:2120 d:- ref:0 ;
in:218 out:218 type:B dur:2 cpbdur:2 q:18.31 aq:7.46 tex:204522 mv:41183 misc:3871 imb:1148 pmb:4272 smb:2740 d:- ref:0 ;
in:217 out:219 type:b dur:2 cpbdur:2 q:18.35 aq:8.71 tex:120531 mv:32979 misc:4754 imb:632 pmb:4330 smb:3198 d:- ref:0 ;
in:219 out:220 type:b dur:2 cpbdur:2 q:18.28 aq:8.56 tex:121784 mv:35661 misc:4811 imb:779 pmb:4138 smb:3243 d:- ref:0 ;
in:222 out:221 type:P dur:2 cpbdur:2 q:18.03 aq:5.86 tex:284273 mv:42167 misc:2056 imb:4492 pmb:1419 smb:2249 d:- ref:0 ;
in:221 out:222 type:b dur:2 cpbdur:2 q:18.14 aq:9.09 tex:142578 mv:42021 misc:4657 imb:867 pmb:4167 smb:3126 d:- ref:0 ;
in:223 out:223 type:P dur:2 cpbdur:2 q:17.91 aq:6.18 tex:295671 mv:39516 misc:3709 imb:3287 pmb:2031 smb:2842 d:- ref:0 ;
in:224 out:224 type:P dur:2 cpbdur:2 q:17.87 aq:6.42 tex:381387 mv:42463 misc:3758 imb:3110 pmb:2239 smb:2811 d:- ref:0 ;
in:225 out:225 type:P dur:2 cpbdur:2 q:17.84 aq:7.09 tex:412957 mv:42852 misc:3591 imb:2891 pmb:2674 smb:2595 d:- ref:0 ;
in:227 out:226 type:P dur:2 cpbdur:2 q:17.81 aq:7.83 tex:616240 mv:51415 misc:1745 imb:3983 pmb:2311 smb:1866 d:- ref:0 ;
in:226 out:227 type:b dur:2 cpbdur:2 q:17.83 aq:10.41 tex:241651 mv:55525 misc:4104 imb:800 pmb:4479 smb:2881 d:- ref:0 ;
in:228 out:228 type:P dur:2 cpbdur:2 q:17.79 aq:7.91 tex:550655 mv:50331 misc:2406 imb:3127 pmb:3040 smb:1993 d:- ref:0 ;
in:229 out:229 type:P dur:2 cpbdur:2 q:17.80 aq:8.00 tex:464037 mv:46898 misc:2721 imb:2516 pmb:3333 smb:2311 d:- ref:0 ;
in:230 out:230 type:P dur:2 cpbdur:2 q:17.80 aq:8.01 tex:391470 mv:43915 misc:3055 imb:2105 pmb:3498 smb:2557 d:- ref:0 ;
in:231 out:231 type:P dur:2 cpbdur:2 q:17.76 aq:8.14 tex:472062 mv:47230 misc:2620 imb:2617 pmb:3492 smb:2051 d:- ref:0 ;
in:232 out:232 type:P dur:2 cpbdur:2 q:17.74 aq:8.20 tex:435724 mv:44687 misc:3053 imb:2229 pmb:3448 smb:2483 d:- ref:0 ;
in:233 out:233 type:P dur:2 cpbdur:2 q:17.75 aq:8.24 tex:498069 mv:45457 misc:2682 imb:2557 pmb:3230 smb:2373 d:- ref:0 ;
in:234 out:234 type:P dur:2 cpbdur:2 q:17.74 aq:8.14 tex:559363 mv:45972 misc:2457 imb:2978 pmb:3067 smb:2115 d:- ref:0 ;
in:235 out:235 type:P dur:2 cpbdur:2 q:17.75 aq:8.31 tex:459169 mv:44097 misc:3230 imb:2492 pmb:3312 smb:2356 d:- ref:0 ;
in:236 out:236 type:P dur:2 cpbdur:2 q:17.77 aq:10.69 tex:534107 mv:45338 misc:2563 imb:2741 pmb:2982 smb:2437 d:- ref:0 ;
in:237 out:237 type:P dur:2 cpbdur:2 q:17.79 aq:10.93 tex:460314 mv:42763 misc:3091 imb:2270 pmb:3260 smb:2630 d:- ref:0 ;
in:238 out:238 type:P dur:2 cpbdur:2 q:17.84 aq:8.52 tex:531737 mv:47110 misc:2401 imb:3085 pmb:2970 smb:2105 d:- ref:0 ;
in:240 out:239 type:P dur:2 cpbdur:2 q:17.83 aq:7.70 tex:596057 mv:50585 misc:1246 imb:4695 pmb:1772 smb:1693 d:- ref:0 ;
in:239 out:240 type:b dur:2 cpbdur:2 q:17.83 aq:11.80 tex:347512 mv:65982 misc:2522 imb:1212 pmb:4646 smb:2302 d:- ref:0 ;
in:241 out:241 type:P dur:2 cpbdur:2 q:17.90 aq:7.97 tex:426642 mv:48010 misc:2700 imb:2823 pmb:3126 smb:2211 d:- ref:0 ;
in:242 out:242 type:P dur:2 cpbdur:2 q:17.91 aq:10.22 tex:453890 mv:46776 misc:2542 imb:2656 pmb:3119 smb:2385 d:- ref:0 w:7,127,0 ;
in:243 out:243 type:P dur:2 cpbdur:2 q:17.93 aq:8.15 tex:401282 mv:46434 misc:3180 imb:2506 pmb:3179 smb:2475 d:- ref:0 w:7,127,0 ;
in:244 out:244 type:P dur:2 cpbdur:2 q:17.95 aq:8.18 tex:420566 mv:47709 misc:2581 imb:2895 pmb:3084 smb:2181 d:- ref:0 w:6,63,0 ;
in:245 out:245 type:P dur:2 cpbdur:2 q:17.97 aq:8.15 tex:397911 mv:45831 misc:2890 imb:2690 pmb:3149 smb:2321 d:- ref:0 w:6,63,0 ;
in:246 out:246 type:P dur:2 cpbdur:2 q:18.01 aq:10.61 tex:416852 mv:45836 misc:2752 imb:2650 pmb:3034 smb:2476 d:- ref:0 ;
in:247 out:247 type:P dur:2 cpbdur:2 q:18.03 aq:9.77 tex:391360 mv:46580 misc:2684 imb:2443 pmb:3238 smb:2479 d:- ref:0 w:6,63,0 ;
in:248 out:248 type:P dur:2 cpbdur:2 q:18.06 aq:9.65 tex:421398 mv:45527 misc:2659 imb:2658 pmb:3032 smb:2470 d:- ref:0 w:7,127,0 ;
in:249 out:249 type:P dur:2 cpbdur:2 q:18.07 aq:10.46 tex:390391 mv:46787 misc:2758 imb:2401 pmb:3277 smb:2482 d:- ref:0 w:6,63,0 ;
in:250 out:250 type:P dur:2 cpbdur:2 q:18.10 aq:7.97 tex:411315 mv:46390 misc:2767 imb:2504 pmb:3177 smb:2479 d:- ref:0 ;
in:251 out:251 type:P dur:2 cpbdur:2 q:18.13 aq:8.08 tex:386101 mv:47262 misc:2789 imb:2437 pmb:3262 smb:2461 d:- ref:0 w:6,63,0 ;
in:252 out:252 type:P dur:2 cpbdur:2 q:18.14 aq:7.80 tex:473774 mv:48309 misc:2493 imb:3066 pmb:2743 smb:2351 d:- ref:0 ;
in:254 out:253 type:P dur:2 cpbdur:2 q:18.16 aq:9.98 tex:486109 mv:51191 misc:1868 imb:3416 pmb:2592 smb:2152 d:- ref:0 w:6,61,1,6,64,0,59,10 ;
in:253 out:254 type:b dur:2 cpbdur:2 q:18.15 aq:11.39 tex:246722 mv:59741 misc:3473 imb:923 pmb:4588 smb:2649 d:- ref:0 ;
in:256 out:255 type:P dur:2 cpbdur:2 q:18.17 aq:7.87 tex:492446 mv:50972 misc:1830 imb:3393 pmb:2604 smb:2163 d:- ref:0 ;
in:255 out:256 type:b dur:2 cpbdur:2 q:18.17 aq:11.29 tex:230310 mv:55939 misc:3943 imb:903 pmb:4474 smb:2783 d:- ref:0 ;
in:258 out:257 type:P dur:2 cpbdur:2 q:18.18 aq:7.54 tex:491736 mv:48918 misc:1850 imb:3628 pmb:2432 smb:2100 d:- ref:0 w:6,61,1 ;
in:257 out:258 type:b dur:2 cpbdur:2 q:18.18 aq:11.35 tex:233524 mv:52813 misc:3823 imb:795 pmb:4636 smb:2729 d:- ref:0 ;
in:260 out:259 type:P dur:2 cpbdur:2 q:18.18 aq:9.29 tex:438602 mv:47983 misc:2495 imb:3143 pmb:2718 smb:2299 d:- ref:0 ;
in:259 out:260 type:b dur:2 cpbdur:2 q:18.18 aq:10.91 tex:200386 mv:49322 misc:4084 imb:648 pmb:4637 smb:2875 d:- ref:0 ;
in:264 out:261 type:P dur:2 cpbdur:2 q:18.18 aq:5.54 tex:417262 mv:47892 misc:1190 imb:4963 pmb:1250 smb:1947 d:- ref:0 ;
in:262 out:262 type:B dur:2 cpbdur:2 q:18.18 aq:9.62 tex:376992 mv:61818 misc:2574 imb:1267 pmb:4589 smb:2304 d:- ref:0 ;
in:261 out:263 type:b dur:2 cpbdur:2 q:18.18 aq:10.93 tex:190717 mv:48027 misc:4184 imb:639 pmb:4577 smb:2944 d:- ref:0 ;
in:263 out:264 type:b dur:2 cpbdur:2 q:18.18 aq:10.74 tex:195366 mv:47749 misc:3973 imb:588 pmb:4775 smb:2797 d:- ref:0 ;
in:268 out:265 type:P dur:2 cpbdur:2 q:18.17 aq:8.42 tex:429381 mv:48131 misc:1656 imb:3952 pmb:2097 smb:2111 d:- ref:0 ;
in:266 out:266 type:B dur:2 cpbdur:2 q:18.18 aq:8.98 tex:279813 mv:53794 misc:3329 imb:996 pmb:4535 smb:2629 d:- ref:0 ;
in:265 out:267 type:b dur:2 cpbdur:2 q:18.18 aq:10.08 tex:143155 mv:41059 misc:4730 imb:464 pmb:4352 smb:3344 d:- ref:0 ;
in:267 out:268 type:b dur:2 cpbdur:2 q:18.17 aq:10.43 tex:142475 mv:41247 misc:4566 imb:496 pmb:4448 smb:3216 d:- ref:0 ;
in:272 out:269 type:P dur:2 cpbdur:2 q:18.14 aq:7.54 tex:404683 mv:45721 misc:1996 imb:4166 pmb:1751 smb:2243 d:- ref:0 ;
in:270 out:270 type:B dur:2 cpbdur:2 q:18.16 aq:8.19 tex:258791 mv:54184 misc:3369 imb:1362 pmb:4161 smb:2637 d:- ref:0 ;
in:269 out:271 type:b dur:2 cpbdur:2 q:18.16 aq:9.48 tex:133105 mv:40766 misc:4801 imb:511 pmb:4322 smb:3327 d:- ref:0 ;
in:271 out:272 type:b dur:2 cpbdur:2 q:18.15 aq:9.55 tex:130118 mv:42677 misc:4637 imb:604 pmb:4325 smb:3231 d:- ref:0 ;
in:275 out:273 type:P dur:2 cpbdur:2 q:18.07 aq:6.38 tex:368374 mv:44601 misc:2473 imb:3730 pmb:2059 smb:2371 d:- ref:0 ;
in:273 out:274 type:B dur:2 cpbdur:2 q:18.12 aq:8.65 tex:162805 mv:42352 misc:4643 imb:839 pmb:4033 smb:3288 d:- ref:0 ;
in:274 out:275 type:b dur:2 cpbdur:2 q:18.10 aq:9.44 tex:148091 mv:40945 misc:4388 imb:758 pmb:4241 smb:3161 d:- ref:0 ;
in:276 out:276 type:P dur:2 cpbdur:2 q:18.02 aq:7.22 tex:305630 mv:39081 misc:4097 imb:2548 pmb:2606 smb:3006 d:- ref:0 ;
in:278 out:277 type:P dur:2 cpbdur:2 q:18.02 aq:6.56 tex:382254 mv:43286 misc:3068 imb:3136 pmb:2435 smb:2589 d:- ref:0 ;
in:277 out:278 type:b dur:2 cpbdur:2 q:18.02 aq:9.16 tex:124977 mv:41437 misc:4738 imb:602 pmb:4217 smb:3341 d:- ref:0 ;
in:279 out:279 type:P dur:2 cpbdur:2 q:17.98 aq:6.55 tex:284737 mv:34051 misc:4652 imb:1834 pmb:3029 smb:3297 d:- ref:0 ;
in:283 out:280 type:P dur:2 cpbdur:2 q:17.95 aq:5.89 tex:432940 mv:41107 misc:2953 imb:2920 pmb:2746 smb:2494 d:- ref:0 ;
in:281 out:281 type:B dur:2 cpbdur:2 q:17.96 aq:8.62 tex:223904 mv:39803 misc:4125 imb:620 pmb:4570 smb:2970 d:- ref:0 ;
in:280 out:282 type:b dur:2 cpbdur:2 q:17.97 aq:9.66 tex:124447 mv:31028 misc:5109 imb:340 pmb:4191 smb:3629 d:- ref:0 ;
in:282 out:283 type:b dur:2 cpbdur:2 q:17.96 aq:9.68 tex:99973 mv:25942 misc:5549 imb:215 pmb:4053 smb:3892 d:- ref:0 ;
in:286 out:284 type:P dur:2 cpbdur:2 q:17.85 aq:7.86 tex:379101 mv:39102 misc:3309 imb:2506 pmb:2983 smb:2671 d:- ref:0 ;
in:284 out:285 type:B dur:2 cpbdur:2 q:17.92 aq:8.61 tex:142173 mv:26829 misc:5446 imb:316 pmb:3902 smb:3942 d:- ref:0 ;
in:285 out:286 type:b dur:2 cpbdur:2 q:17.88 aq:9.64 tex:101285 mv:25093 misc:5422 imb:161 pmb:4263 smb:3736 d:- ref:0 ;
in:289 out:287 type:P dur:2 cpbdur:2 q:17.77 aq:7.24 tex:270853 mv:40114 misc:1001 imb:4838 pmb:1373 smb:1949 d:- ref:0 ;
in:287 out:288 type:B dur:2 cpbdur:2 q:17.82 aq:9.04 tex:120514 mv:29953 misc:5509 imb:322 pmb:3931 smb:3907 d:- ref:0 ;
in:288 out:289 type:b dur:2 cpbdur:2 q:17.80 aq:7.75 tex:132440 mv:33096 misc:5216 imb:1036 pmb:3607 smb:3517 d:- ref:0 ;
in:292 out:290 type:P dur:2 cpbdur:2 q:17.68 aq:7.29 tex:398528 mv:44147 misc:1173 imb:5477 pmb:828 smb:1855 d:- ref:0 ;
in:290 out:291 type:B dur:2 cpbdur:2 q:17.74 aq:8.36 tex:227030 mv:50634 misc:2880 imb:2814 pmb:2877 smb:2469 d:- ref:0 ;
in:291 out:292 type:b dur:2 cpbdur:2 q:17.71 aq:9.74 tex:199650 mv:50767 misc:3335 imb:1762 pmb:3806 smb:2592 d:- ref:0 ;
in:293 out:293 type:P dur:2 cpbdur:2 q:17.63 aq:7.56 tex:367766 mv:49667 misc:1719 imb:4349 pmb:1747 smb:2064 d:- ref:0 ;
in:294 out:294 type:P dur:2 cpbdur:2 q:17.61 aq:7.64 tex:409856 mv:52904 misc:1616 imb:4240 pmb:1895 smb:2025 d:- ref:0 ;
in:295 out:295 type:P dur:2 cpbdur:2 q:17.58 aq:8.18 tex:414816 mv:50989 misc:1299 imb:3823 pmb:2435 smb:1902 d:- ref:0 w:4,19,-3 ;
in:296 out:296 type:I dur:2 cpbdur:2 q:15.00 aq:5.83 tex:603035 mv:153200 misc:509 imb:8160 pmb:0 smb:0 d:- ref:w:4,19,-3 ;
in:300 out:297 type:P dur:2 cpbdur:2 q:17.62 aq:9.13 tex:564349 mv:55856 misc:979 imb:5273 pmb:1889 smb:998 d:- ref:0 w:5,49,-9,5,49,-68,48,-64 ;
in:298 out:298 type:B dur:2 cpbdur:2 q:17.62 aq:10.61 tex:473671 mv:74308 misc:1757 imb:2899 pmb:3096 smb:2165 d:- ref:0 ;
in:297 out:299 type:b dur:2 cpbdur:2 q:17.62 aq:11.43 tex:302272 mv:62475 misc:2317 imb:1864 pmb:3942 smb:2354 d:- ref:0 ;
in:299 out:300 type:b dur:2 cpbdur:2 q:17.62 aq:11.73 tex:322607 mv:62518 misc:2259 imb:1500 pmb:4192 smb:2468 d:- ref:0 ;
in:301 out:301 type:P dur:2 cpbdur:2 q:17.50 aq:8.85 tex:598864 mv:58721 misc:1023 imb:4067 pmb:2165 smb:1928 d:- ref:0 ;
in:302 out:302 type:P dur:2 cpbdur:2 q:17.52 aq:8.97 tex:403125 mv:52246 misc:1477 imb:2949 pmb:3316 smb:1895 d:- ref:0 w:6,69,-1,6,70,-12,69,-10 ;
in:303 out:303 type:P dur:2 cpbdur:2 q:17.53 aq:8.61 tex:628442 mv:58832 misc:1198 imb:3548 pmb:2700 smb:1912 d:- ref:0 ;
in:304 out:304 type:P dur:2 cpbdur:2 q:17.54 aq:8.07 tex:586822 mv:54884 misc:734 imb:4873 pmb:3280 smb:7 d:- ref:0 w:4,17,0,6,69,-10,68,-8 ;
in:307 out:305 type:P dur:2 cpbdur:2 q:17.55 aq:8.55 tex:541438 mv:56360 misc:1402 imb:2763 pmb:3245 smb:2152 d:- ref:0 ;
in:305 out:306 type:B dur:2 cpbdur:2 q:17.55 aq:12.24 tex:218141 mv:61869 misc:3326 imb:823 pmb:4458 smb:2879 d:- ref:0 ;
in:306 out:307 type:b dur:2 cpbdur:2 q:17.55 aq:12.62 tex:211065 mv:58328 misc:3135 imb:772 pmb:4631 smb:2757 d:- ref:0 ;
in:309 out:308 type:P dur:2 cpbdur:2 q:17.56 aq:8.46 tex:630176 mv:58959 misc:1561 imb:2836 pmb:3074 smb:2250 d:- ref:0 ;
in:308 out:309 type:b dur:2 cpbdur:2 q:17.56 aq:12.62 tex:208702 mv:66289 misc:3057 imb:837 pmb:4611 smb:2712 d:- ref:0 ;
in:312 out:310 type:P dur:2 cpbdur:2 q:17.63 aq:8.73 tex:642360 mv:60197 misc:1243 imb:3661 pmb:2587 smb:1912 d:- ref:0 ;
in:310 out:311 type:B dur:2 cpbdur:2 q:17.58 aq:11.86 tex:263295 mv:73109 misc:2596 imb:1068 pmb:4533 smb:2559 d:- ref:0 ;
in:311 out:312 type:b dur:2 cpbdur:2 q:17.60 aq:12.46 tex:219906 mv:68576 misc:2966 imb:922 pmb:4611 smb:2627 d:- ref:0 ;
in:314 out:313 type:P dur:2 cpbdur:2 q:17.69 aq:9.03 tex:655726 mv:61404 misc:1406 imb:3080 pmb:2903 smb:2177 d:- ref:0 ;
in:313 out:314 type:b dur:2 cpbdur:2 q:17.66 aq:12.60 tex:228239 mv:75785 misc:2848 imb:1001 pmb:4591 smb:2568 d:- ref:0 ;
in:316 out:315 type:P dur:2 cpbdur:2 q:17.74 aq:11.61 tex:532339 mv:60919 misc:1326 imb:2892 pmb:3184 smb:2084 d:- ref:0 ;
in:315 out:316 type:b dur:2 cpbdur:2 q:17.71 aq:12.68 tex:240859 mv:71295 misc:2918 imb:1067 pmb:4576 smb:2517 d:- ref:0 ;
in:318 out:317 type:P dur:2 cpbdur:2 q:17.79 aq:9.76 tex:560213 mv:62469 misc:1262 imb:3108 pmb:3141 smb:1911 d:- ref:0 ;
in:317 out:318 type:b dur:2 cpbdur:2 q:17.77 aq:12.87 tex:232382 mv:74740 misc:2966 imb:1117 pmb:4531 smb:2512 d:- ref:0 ;
in:319 out:319 type:P dur:2 cpbdur:2 q:17.78 aq:9.58 tex:436500 mv:60193 misc:1443 imb:2132 pmb:3932 smb:2096 d:- ref:0 ;
in:320 out:320 type:P dur:2 cpbdur:2 q:17.82 aq:9.85 tex:463235 mv:58821 misc:1464 imb:2168 pmb:3953 smb:2039 d:- ref:0 ;
in:321 out:321 type:P dur:2 cpbdur:2 q:17.82 aq:9.97 tex:466427 mv:58666 misc:1299 imb:2142 pmb:4022 smb:1996 d:- ref:0 ;
in:322 out:322 type:P dur:2 cpbdur:2 q:17.86 aq:10.12 tex:382963 mv:56827 misc:1802 imb:1857 pmb:4241 smb:2062 d:- ref:0 ;
in:323 out:323 type:P dur:2 cpbdur:2 q:17.86 aq:10.17 tex:430515 mv:57921 misc:1572 imb:1891 pmb:4300 smb:1969 d:- ref:0 ;
in:324 out:324 type:P dur:2 cpbdur:2 q:17.85 aq:10.21 tex:467882 mv:58159 misc:1479 imb:2198 pmb:4058 smb:1904 d:- ref:0 ;
in:325 out:325 type:P dur:2 cpbdur:2 q:17.89 aq:9.88 tex:454598 mv:62094 misc:1276 imb:2389 pmb:3912 smb:1859 d:- ref:0 ;
in:327 out:326 type:P dur:2 cpbdur:2 q:17.89 aq:9.79 tex:579783 mv:63164 misc:1165 imb:2943 pmb:3465 smb:1752 d:- ref:0 ;
in:326 out:327 type:b dur:2 cpbdur:2 q:17.89 aq:13.67 tex:230426 mv:74461 misc:2985 imb:908 pmb:4751 smb:2501 d:- ref:0 ;
in:330 out:328 type:P dur:2 cpbdur:2 q:17.91 aq:9.60 tex:721742 mv:64214 misc:1108 imb:3453 pmb:3055 smb:1652 d:- ref:0 ;
in:328 out:329 type:B dur:2 cpbdur:2 q:17.89 aq:13.05 tex:273158 mv:77652 misc:2710 imb:1133 pmb:4610 smb:2417 d:- ref:0 ;
in:329 out:330 type:b dur:2 cpbdur:2 q:17.90 aq:13.64 tex:246264 mv:73109 misc:2707 imb:1051 pmb:4706 smb:2403 d:- ref:0 ;
in:332 out:331 type:P dur:2 cpbdur:2 q:17.93 aq:9.80 tex:569726 mv:62793 misc:1209 imb:2657 pmb:3728 smb:1775 d:- ref:0 ;
in:331 out:332 type:b dur:2 cpbdur:2 q:17.92 aq:13.80 tex:195656 mv:72206 misc:3490 imb:951 pmb:4584 smb:2625 d:- ref:0 ;
in:336 out:333 type:P dur:2 cpbdur:2 q:17.96 aq:9.57 tex:752008 mv:62810 misc:1006 imb:3263 pmb:2988 smb:1909 d:- ref:0 ;
in:334 out:334 type:B dur:2 cpbdur:2 q:17.95 aq:10.73 tex:339066 mv:78401 misc:1965 imb:1328 pmb:4639 smb:2193 d:- ref:0 ;
in:333 out:335 type:b dur:2 cpbdur:2 q:17.94 aq:13.80 tex:220376 mv:69648 misc:3000 imb:958 pmb:4730 smb:2472 d:- ref:0 ;
in:335 out:336 type:b dur:2 cpbdur:2 q:17.95 aq:13.89 tex:208627 mv:69009 misc:3100 imb:782 pmb:4880 smb:2498 d:- ref:0 ;
in:339 out:337 type:P dur:2 cpbdur:2 q:17.98 aq:9.59 tex:713658 mv:60645 misc:1417 imb:2280 pmb:3828 smb:2052 d:- ref:0 ;
in:337 out:338 type:B dur:2 cpbdur:2 q:17.96 aq:13.90 tex:215284 mv:67190 misc:3590 imb:867 pmb:4474 smb:2819 d:- ref:0 ;
in:338 out:339 type:b dur:2 cpbdur:2 q:17.97 aq:14.47 tex:148160 mv:57574 misc:4346 imb:511 pmb:4445 smb:3204 d:- ref:0 ;
in:342 out:340 type:P dur:2 cpbdur:2 q:18.04 aq:9.66 tex:623258 mv:58395 misc:1443 imb:1994 pmb:4387 smb:1779 d:- ref:0 ;
in:340 out:341 type:B dur:2 cpbdur:2 q:18.00 aq:13.71 tex:172105 mv:61482 misc:3909 imb:517 pmb:4706 smb:2937 d:- ref:0 ;
in:341 out:342 type:b dur:2 cpbdur:2 q:18.02 aq:14.63 tex:128074 mv:53270 misc:4872 imb:446 pmb:4343 smb:3371 d:- ref:0 ;
in:345 out:343 type:P dur:2 cpbdur:2 q:18.04 aq:9.63 tex:643441 mv:55393 misc:1278 imb:2180 pmb:3979 smb:2001 d:- ref:0 ;
in:343 out:344 type:B dur:2 cpbdur:2 q:18.04 aq:14.18 tex:160494 mv:55705 misc:4425 imb:521 pmb:4394 smb:3245 d:- ref:0 ;
in:344 out:345 type:b dur:2 cpbdur:2 q:18.04 aq:14.77 tex:136497 mv:57299 misc:4524 imb:534 pmb:4401 smb:3225 d:- ref:0 ;
in:348 out:346 type:P dur:2 cpbdur:2 q:18.06 aq:9.59 tex:683749 mv:59915 misc:1256 imb:2000 pmb:4207 smb:1953 d:- ref:0 ;
in:346 out:347 type:B dur:2 cpbdur:2 q:18.05 aq:13.92 tex:175555 mv:59851 misc:4162 imb:597 pmb:4594 smb:2969 d:- ref:0 ;
in:347 out:348 type:b dur:2 cpbdur:2 q:18.05 aq:14.66 tex:135755 mv:56425 misc:4428 imb:456 pmb:4532 smb:3172 d:- ref:0 ;
in:351 out:349 type:P dur:2 cpbdur:2 q:18.07 aq:9.77 tex:676158 mv:58620 misc:1190 imb:1917 pmb:4427 smb:1816 d:- ref:0 ;
in:349 out:350 type:B dur:2 cpbdur:2 q:18.06 aq:14.10 tex:180648 mv:59929 misc:3823 imb:592 pmb:4658 smb:2910 d:- ref:0 ;
in:350 out:351 type:b dur:2 cpbdur:2 q:18.07 aq:15.07 tex:134233 mv:55289 misc:4398 imb:393 pmb:4612 smb:3155 d:- ref:0 ;
in:355 out:352 type:P dur:2 cpbdur:2 q:18.04 aq:10.09 tex:805789 mv:60354 misc:1241 imb:2054 pmb:4141 smb:1965 d:- ref:0 ;
in:353 out:353 type:B dur:2 cpbdur:2 q:18.06 aq:13.72 tex:304139 mv:69049 misc:2292 imb:799 pmb:5000 smb:2361 d:- ref:0 ;
in:352 out:354 type:b dur:2 cpbdur:2 q:18.06 aq:15.20 tex:140155 mv:56484 misc:4281 imb:344 pmb:4755 smb:3061 d:- ref:0 ;
in:354 out:355 type:b dur:2 cpbdur:2 q:18.05 aq:15.09 tex:167332 mv:51765 misc:3807 imb:447 pmb:4899 smb:2814 d:- ref:0 ;
in:359 out:356 type:P dur:2 cpbdur:2 q:18.00 aq:10.59 tex:878641 mv:64790 misc:1313 imb:1983 pmb:4116 smb:2061 d:- ref:0 ;
in:357 out:357 type:B dur:2 cpbdur:2 q:18.02 aq:13.51 tex:369127 mv:71182 misc:1811 imb:668 pmb:5250 smb:2242 d:- ref:0 ;
in:356 out:358 type:b dur:2 cpbdur:2 q:18.03 aq:15.17 tex:157840 mv:56007 misc:4201 imb:360 pmb:4830 smb:2970 d:- ref:0 ;
in:358 out:359 type:b dur:2 cpbdur:2 q:18.01 aq:15.39 tex:143049 mv:53714 misc:3853 imb:292 pmb:5014 smb:2854 d:- ref:0 ;
in:360 out:360 type:P dur:2 cpbdur:2 q:17.97 aq:9.46 tex:922910 mv:58120 misc:1274 imb:1226 pmb:4906 smb:2028 d:- ref:0 ;
in:364 out:361 type:P dur:2 cpbdur:2 q:18.05 aq:9.64 tex:1127758 mv:65680 misc:1170 imb:1714 pmb:4739 smb:1707 d:- ref:0 ;
in:362 out:362 type:B dur:2 cpbdur:2 q:18.01 aq:14.21 tex:287843 mv:70774 misc:2447 imb:381 pmb:5405 smb:2374 d:- ref:0 ;
in:361 out:363 type:b dur:2 cpbdur:2 q:17.99 aq:15.62 tex:140949 mv:59227 misc:3984 imb:273 pmb:5033 smb:2854 d:- ref:0 ;
in:363 out:364 type:b dur:2 cpbdur:2 q:18.03 aq:15.51 tex:139313 mv:51893 misc:4066 imb:229 pmb:5020 smb:2911 d:- ref:0 ;
in:368 out:365 type:P dur:2 cpbdur:2 q:18.09 aq:9.65 tex:940160 mv:59656 misc:1192 imb:1250 pmb:4954 smb:1956 d:- ref:0 ;
in:366 out:366 type:B dur:2 cpbdur:2 q:18.07 aq:13.92 tex:278579 mv:61147 misc:2794 imb:386 pmb:5324 smb:2450 d:- ref:0 ;
in:365 out:367 type:b dur:2 cpbdur:2 q:18.06 aq:15.75 tex:110120 mv:49617 misc:4607 imb:180 pmb:4828 smb:3152 d:- ref:0 ;
in:367 out:368 type:b dur:2 cpbdur:2 q:18.08 aq:15.76 tex:106361 mv:48427 misc:4828 imb:209 pmb:4775 smb:3176 d:- ref:0 ;
in:372 out:369 type:P dur:2 cpbdur:2 q:18.12 aq:9.98 tex:1035164 mv:59315 misc:1193 imb:1426 pmb:4794 smb:1940 d:- ref:0 ;
in:370 out:370 type:B dur:2 cpbdur:2 q:18.11 aq:14.56 tex:258240 mv:64572 misc:2756 imb:421 pmb:5326 smb:2413 d:- ref:0 ;
in:369 out:371 type:b dur:2 cpbdur:2 q:18.10 aq:15.68 tex:154465 mv:53477 misc:3914 imb:289 pmb:5090 smb:2781 d:- ref:0 ;
in:371 out:372 type:b dur:2 cpbdur:2 q:18.11 aq:16.28 tex:117617 mv:48129 misc:4806 imb:160 pmb:4821 smb:3179 d:- ref:0 ;
in:376 out:373 type:P dur:2 cpbdur:2 q:18.20 aq:10.16 tex:1040960 mv:59524 misc:1084 imb:1283 pmb:4961 smb:1916 d:- ref:0 ;
in:374 out:374 type:B dur:2 cpbdur:2 q:18.16 aq:14.68 tex:292892 mv:65922 misc:2666 imb:320 pmb:5481 smb:2359 d:- ref:0 ;
in:373 out:375 type:b dur:2 cpbdur:2 q:18.14 aq:16.12 tex:135105 mv:56304 misc:4343 imb:210 pmb:5019 smb:2931 d:- ref:0 ;
in:375 out:376 type:b dur:2 cpbdur:2 q:18.18 aq:16.10 tex:136125 mv:44955 misc:4384 imb:228 pmb:4977 smb:2955 d:- ref:0 ;
in:380 out:377 type:P dur:2 cpbdur:2 q:18.21 aq:10.44 tex:976216 mv:56013 misc:995 imb:1205 pmb:5038 smb:1917 d:- ref:0 ;
in:378 out:378 type:B dur:2 cpbdur:2 q:18.21 aq:14.94 tex:321828 mv:59995 misc:2169 imb:434 pmb:5489 smb:2237 d:- ref:0 ;
in:377 out:379 type:b dur:2 cpbdur:2 q:18.20 aq:14.35 tex:132433 mv:44260 misc:4507 imb:158 pmb:5019 smb:2983 d:- ref:0 ;
in:379 out:380 type:b dur:2 cpbdur:2 q:18.21 aq:14.27 tex:116325 mv:46693 misc:4742 imb:168 pmb:4886 smb:3106 d:- ref:0 ;
in:384 out:381 type:P dur:2 cpbdur:2 q:18.21 aq:10.27 tex:942454 mv:56612 misc:1078 imb:1779 pmb:4614 smb:1767 d:- ref:0 ;
in:382 out:382 type:B dur:2 cpbdur:2 q:18.21 aq:14.81 tex:302409 mv:64393 misc:2494 imb:387 pmb:5478 smb:2295 d:- ref:0 ;
in:381 out:383 type:b dur:2 cpbdur:2 q:18.21 aq:14.15 tex:157093 mv:48442 misc:4361 imb:270 pmb:4975 smb:2915 d:- ref:0 ;
in:383 out:384 type:b dur:2 cpbdur:2 q:18.21 aq:14.09 tex:153252 mv:52946 misc:4162 imb:255 pmb:5058 smb:2847 d:- ref:0 ;
in:387 out:385 type:P dur:2 cpbdur:2 q:18.21 aq:10.21 tex:1088383 mv:61197 misc:1108 imb:1226 pmb:5034 smb:1900 d:- ref:0 ;
in:385 out:386 type:B dur:2 cpbdur:2 q:18.21 aq:15.58 tex:215330 mv:64749 misc:3145 imb:394 pmb:5191 smb:2575 d:- ref:0 ;
in:386 out:387 type:b dur:2 cpbdur:2 q:18.21 aq:16.19 tex:155218 mv:61511 misc:3439 imb:250 pmb:5254 smb:2656 d:- ref:0 ;
in:390 out:388 type:P dur:2 cpbdur:2 q:18.23 aq:10.57 tex:1000229 mv:56918 misc:1125 imb:990 pmb:5256 smb:1914 d:- ref:0 ;
in:388 out:389 type:B dur:2 cpbdur:2 q:18.22 aq:15.73 tex:151785 mv:46130 misc:4789 imb:239 pmb:4762 smb:3159 d:- ref:0 ;
in:389 out:390 type:b dur:2 cpbdur:2 q:18.23 aq:16.38 tex:125775 mv:51079 misc:4322 imb:176 pmb:5056 smb:2928 d:- ref:0 ;
in:392 out:391 type:P dur:2 cpbdur:2 q:18.31 aq:10.63 tex:953707 mv:54524 misc:1193 imb:1151 pmb:5431 smb:1578 d:- ref:0 ;
in:391 out:392 type:b dur:2 cpbdur:2 q:18.27 aq:16.68 tex:136588 mv:53585 misc:3723 imb:147 pmb:5290 smb:2723 d:- ref:0 ;
in:393 out:393 type:P dur:2 cpbdur:2 q:18.38 aq:10.55 tex:936608 mv:45142 misc:1082 imb:724 pmb:5583 smb:1853 d:- ref:0 ;
in:395 out:394 type:P dur:2 cpbdur:2 q:18.43 aq:10.76 tex:855493 mv:47719 misc:1100 imb:755 pmb:5503 smb:1902 d:- ref:0 ;
in:394 out:395 type:b dur:2 cpbdur:2 q:18.40 aq:16.84 tex:100493 mv:35636 misc:5751 imb:142 pmb:4119 smb:3899 d:- ref:0 ;
in:396 out:396 type:P dur:2 cpbdur:2 q:18.44 aq:10.57 tex:904644 mv:42313 misc:1203 imb:590 pmb:5608 smb:1962 d:- ref:0 ;
in:398 out:397 type:P dur:2 cpbdur:2 q:18.52 aq:10.39 tex:1192434 mv:50403 misc:1091 imb:836 pmb:5499 smb:1825 d:- ref:0 ;
in:397 out:398 type:b dur:2 cpbdur:2 q:18.48 aq:17.14 tex:165145 mv:52970 misc:3501 imb:180 pmb:5380 smb:2600 d:- ref:0 ;
in:402 out:399 type:P dur:2 cpbdur:2 q:18.57 aq:10.45 tex:1559948 mv:54494 misc:934 imb:1162 pmb:5172 smb:1826 d:- ref:0 ;
in:400 out:400 type:B dur:2 cpbdur:2 q:18.55 aq:15.78 tex:345527 mv:58249 misc:1920 imb:299 pmb:5701 smb:2160 d:- ref:0 ;
in:399 out:401 type:b dur:2 cpbdur:2 q:18.53 aq:17.24 tex:181126 mv:47430 misc:3516 imb:212 pmb:5358 smb:2590 d:- ref:0 ;
in:401 out:402 type:b dur:2 cpbdur:2 q:18.56 aq:17.38 tex:212572 mv:50692 misc:2792 imb:234 pmb:5602 smb:2324 d:- ref:0 ;
in:406 out:403 type:P dur:2 cpbdur:2 q:18.68 aq:10.80 tex:1283376 mv:53004 misc:908 imb:1009 pmb:5371 smb:1780 d:- ref:0 ;
in:404 out:404 type:B dur:2 cpbdur:2 q:18.62 aq:15.81 tex:309324 mv:57816 misc:2364 imb:226 pmb:5667 smb:2267 d:- ref:0 ;
in:403 out:405 type:b dur:2 cpbdur:2 q:18.59 aq:17.49 tex:119126 mv:42520 misc:5138 imb:138 pmb:4707 smb:3315 d:- ref:0 ;
in:405 out:406 type:b dur:2 cpbdur:2 q:18.65 aq:17.28 tex:156548 mv:44080 misc:4188 imb:180 pmb:5120 smb:2860 d:- ref:0 ;
in:410 out:407 type:P dur:2 cpbdur:2 q:18.74 aq:10.83 tex:1307489 mv:53039 misc:944 imb:1361 pmb:5013 smb:1786 d:- ref:0 ;
in:408 out:408 type:B dur:2 cpbdur:2 q:18.71 aq:16.08 tex:412479 mv:66835 misc:1726 imb:569 pmb:5514 smb:2077 d:- ref:0 ;
in:407 out:409 type:b dur:2 cpbdur:2 q:18.69 aq:17.52 tex:170550 mv:47228 misc:4246 imb:143 pmb:5084 smb:2933 d:- ref:0 ;
in:409 out:410 type:b dur:2 cpbdur:2 q:18.73 aq:17.23 tex:179375 mv:51382 misc:4675 imb:305 pmb:4738 smb:3117 d:- ref:0 ;
in:414 out:411 type:P dur:2 cpbdur:2 q:18.93 aq:11.03 tex:1128615 mv:52004 misc:933 imb:1324 pmb:5052 smb:1784 d:- ref:0 ;
in:412 out:412 type:B dur:2 cpbdur:2 q:18.84 aq:15.97 tex:307190 mv:60230 misc:3212 imb:528 pmb:5126 smb:2506 d:- ref:0 ;
in:411 out:413 type:b dur:2 cpbdur:2 q:18.79 aq:17.14 tex:180760 mv:47161 misc:4679 imb:315 pmb:4674 smb:3171 d:- ref:0 ;
in:413 out:414 type:b dur:2 cpbdur:2 q:18.88 aq:17.33 tex:179501 mv:47382 misc:4789 imb:361 pmb:4603 smb:3196 d:- ref:0 ;
in:418 out:415 type:P dur:2 cpbdur:2 q:18.99 aq:11.06 tex:1147154 mv:52440 misc:846 imb:1166 pmb:5148 smb:1846 d:- ref:0 ;
in:416 out:416 type:B dur:2 cpbdur:2 q:18.96 aq:15.86 tex:326314 mv:61702 misc:2544 imb:397 pmb:5450 smb:2313 d:- ref:0 ;
in:415 out:417 type:b dur:2 cpbdur:2 q:18.94 aq:17.27 tex:149042 mv:45086 misc:5328 imb:277 pmb:4258 smb:3625 d:- ref:0 ;
in:417 out:418 type:b dur:2 cpbdur:2 q:18.97 aq:17.41 tex:150422 mv:42336 misc:4722 imb:201 pmb:4799 smb:3160 d:- ref:0 ;
in:422 out:419 type:P dur:2 cpbdur:2 q:19.04 aq:11.11 tex:1174436 mv:54014 misc:934 imb:1385 pmb:5235 smb:1540 d:- ref:0 ;
in:420 out:420 type:B dur:2 cpbdur:2 q:19.01 aq:16.06 tex:334229 mv:59854 misc:2421 imb:274 pmb:5594 smb:2292 d:- ref:0 ;
in:419 out:421 type:b dur:2 cpbdur:2 q:19.00 aq:17.38 tex:134419 mv:42351 misc:5062 imb:143 pmb:4711 smb:3306 d:- ref:0 ;
in:421 out:422 type:b dur:2 cpbdur:2 q:19.03 aq:17.32 tex:152508 mv:51063 misc:4501 imb:206 pmb:4909 smb:3045 d:- ref:0 ;
in:426 out:423 type:P dur:2 cpbdur:2 q:19.10 aq:11.09 tex:1361431 mv:53209 misc:928 imb:1444 pmb:5229 smb:1487 d:- ref:0 ;
in:424 out:424 type:B dur:2 cpbdur:2 q:19.07 aq:15.92 tex:335748 mv:58867 misc:2345 imb:280 pmb:5621 smb:2259 d:- ref:0 ;
in:423 out:425 type:b dur:2 cpbdur:2 q:19.06 aq:17.54 tex:163795 mv:41994 misc:4323 imb:187 pmb:5035 smb:2938 d:- ref:0 ;
in:425 out:426 type:b dur:2 cpbdur:2 q:19.09 aq:17.33 tex:174180 mv:43488 misc:4084 imb:205 pmb:5121 smb:2834 d:- ref:0 ;
in:430 out:427 type:P dur:2 cpbdur:2 q:19.18 aq:11.38 tex:1112753 mv:52753 misc:1006 imb:1306 pmb:5299 smb:1555 d:- ref:0 ;
in:428 out:428 type:B dur:2 cpbdur:2 q:19.14 aq:15.84 tex:316305 mv:61442 misc:2637 imb:233 pmb:5619 smb:2308 d:- ref:0 ;
in:427 out:429 type:b dur:2 cpbdur:2 q:19.12 aq:17.38 tex:138705 mv:45452 misc:4787 imb:152 pmb:4833 smb:3175 d:- ref:0 ;
in:429 out:430 type:b dur:2 cpbdur:2 q:19.16 aq:17.53 tex:160557 mv:45736 misc:4395 imb:166 pmb:5025 smb:2969 d:- ref:0 ;
in:434 out:431 type:P dur:2 cpbdur:2 q:19.22 aq:11.21 tex:1239339 mv:54892 misc:873 imb:1166 pmb:5143 smb:1851 d:- ref:0 ;
in:432 out:432 type:B dur:2 cpbdur:2 q:19.20 aq:16.00 tex:389369 mv:65443 misc:1908 imb:445 pmb:5574 smb:2141 d:- ref:0 ;
in:431 out:433 type:b dur:2 cpbdur:2 q:19.19 aq:17.24 tex:159605 mv:47293 misc:4598 imb:163 pmb:4934 smb:3063 d:- ref:0 ;
in:433 out:434 type:b dur:2 cpbdur:2 q:19.21 aq:17.31 tex:151161 mv:48158 misc:4889 imb:161 pmb:4760 smb:3239 d:- ref:0 ;
in:438 out:435 type:P dur:2 cpbdur:2 q:19.30 aq:11.54 tex:1048873 mv:52197 misc:970 imb:1210 pmb:5397 smb:1553 d:- ref:0 ;
in:436 out:436 type:B dur:2 cpbdur:2 q:19.26 aq:16.25 tex:252964 mv:56182 misc:3702 imb:233 pmb:5254 smb:2673 d:- ref:0 ;
in:435 out:437 type:b dur:2 cpbdur:2 q:19.24 aq:17.54 tex:140302 mv:39054 misc:5148 imb:154 pmb:4633 smb:3373 d:- ref:0 ;
in:437 out:438 type:b dur:2 cpbdur:2 q:19.28 aq:17.71 tex:129223 mv:40702 misc:5179 imb:120 pmb:4646 smb:3394 d:- ref:0 ;
in:442 out:439 type:P dur:2 cpbdur:2 q:19.34 aq:11.76 tex:980076 mv:50853 misc:943 imb:1271 pmb:5335 smb:1554 d:- ref:0 ;
in:440 out:440 type:B dur:2 cpbdur:2 q:19.32 aq:16.21 tex:272040 mv:55602 misc:2822 imb:201 pmb:5539 smb:2420 d:- ref:0 ;
in:439 out:441 type:b dur:2 cpbdur:2 q:19.31 aq:17.61 tex:113312 mv:40971 misc:5389 imb:122 pmb:4437 smb:3601 d:- ref:0 ;
in:441 out:442 type:b dur:2 cpbdur:2 q:19.33 aq:17.89 tex:118506 mv:28243 misc:5731 imb:124 pmb:4103 smb:3933 d:- ref:0 ;
in:446 out:443 type:P dur:2 cpbdur:2 q:19.38 aq:11.99 tex:957189 mv:51940 misc:967 imb:1257 pmb:5376 smb:1527 d:- ref:0 ;
in:444 out:444 type:B dur:2 cpbdur:2 q:19.36 aq:16.25 tex:292272 mv:52813 misc:2739 imb:203 pmb:5571 smb:2386 d:- ref:0 ;
in:443 out:445 type:b dur:2 cpbdur:2 q:19.35 aq:17.83 tex:106986 mv:30033 misc:5781 imb:87 pmb:4139 smb:3934 d:- ref:0 ;
in:445 out:446 type:b dur:2 cpbdur:2 q:19.37 aq:17.80 tex:117716 mv:40892 misc:5136 imb:103 pmb:4656 smb:3401 d:- ref:0 ;
in:449 out:447 type:P dur:2 cpbdur:2 q:19.41 aq:12.84 tex:757827 mv:46242 misc:1155 imb:1025 pmb:5547 smb:1588 d:- ref:0 ;
in:447 out:448 type:B dur:2 cpbdur:2 q:19.39 aq:17.02 tex:188311 mv:40201 misc:4520 imb:135 pmb:5024 smb:3001 d:- ref:0 ;
in:448 out:449 type:b dur:2 cpbdur:2 q:19.40 aq:17.97 tex:123466 mv:38990 misc:4736 imb:117 pmb:4894 smb:3149 d:- ref:0 ;
in:453 out:450 type:P dur:2 cpbdur:2 q:19.37 aq:12.42 tex:726624 mv:50345 misc:1015 imb:1601 pmb:5068 smb:1491 d:- ref:0 w:7,91,5,7,91,37,91,37 ;
in:451 out:451 type:B dur:2 cpbdur:2 q:19.39 aq:15.92 tex:540796 mv:41067 misc:1033 imb:1041 pmb:5141 smb:1978 d:- ref:0 ;
in:450 out:452 type:b dur:2 cpbdur:2 q:19.40 aq:17.33 tex:357010 mv:48453 misc:1425 imb:769 pmb:5328 smb:2063 d:- ref:0 ;
in:452 out:453 type:b dur:2 cpbdur:2 q:19.38 aq:16.74 tex:181697 mv:24920 misc:4215 imb:448 pmb:4828 smb:2884 d:- ref:0 ;
in:457 out:454 type:P dur:2 cpbdur:2 q:19.35 aq:11.81 tex:355653 mv:49671 misc:964 imb:3380 pmb:4738 smb:42 d:- ref:0 w:5,17,8,1,1,64,1,64 ;
in:455 out:455 type:B dur:2 cpbdur:2 q:19.36 aq:14.59 tex:444837 mv:26162 misc:1137 imb:976 pmb:5169 smb:2015 d:- ref:0 ;
in:454 out:456 type:b dur:2 cpbdur:2 q:19.37 aq:15.84 tex:101689 mv:21504 misc:5223 imb:311 pmb:2476 smb:5373 d:- ref:0 ;
in:456 out:457 type:b dur:2 cpbdur:2 q:19.35 aq:15.81 tex:189149 mv:19813 misc:4078 imb:411 pmb:4892 smb:2857 d:- ref:0 ;
in:460 out:458 type:P dur:2 cpbdur:2 q:19.29 aq:10.66 tex:194931 mv:50231 misc:1430 imb:2583 pmb:3829 smb:1748 d:- ref:0 w:7,43,11,7,43,85,43,85 ;
in:458 out:459 type:B dur:2 cpbdur:2 q:19.33 aq:14.51 tex:247623 mv:20222 misc:2987 imb:904 pmb:4741 smb:2515 d:- ref:0 ;
in:459 out:460 type:b dur:2 cpbdur:2 q:19.31 aq:13.58 tex:237844 mv:20886 misc:2758 imb:988 pmb:4807 smb:2365 d:- ref:0 ;
in:464 out:461 type:P dur:2 cpbdur:2 q:19.23 aq:2.26 tex:52036 mv:4610 misc:3914 imb:1522 pmb:35 smb:6603 d:- ref:0 w:5,1,15,7,13,115,26,102 ;
in:462 out:462 type:B dur:2 cpbdur:2 q:19.26 aq:6.00 tex:1270 mv:353 misc:745 imb:17 pmb:147 smb:7996 d:- ref:0 ;
in:461 out:463 type:b dur:2 cpbdur:2 q:19.28 aq:9.88 tex:223319 mv:52227 misc:1350 imb:5478 pmb:576 smb:2106 d:- ref:0 ;
in:463 out:464 type:b dur:2 cpbdur:2 q:19.25 aq:6.65 tex:265 mv:61 misc:530 imb:0 pmb:18 smb:8142 d:- ref:0 ;
in:468 out:465 type:P dur:2 cpbdur:2 q:19.20 aq:3.03 tex:10082 mv:1281 misc:2053 imb:220 pmb:151 smb:7789 d:- ref:0 ;
in:466 out:466 type:B dur:2 cpbdur:2 q:19.22 aq:5.05 tex:1525 mv:183 misc:924 imb:1 pmb:79 smb:8080 d:- ref:0 ;
in:465 out:467 type:b dur:2 cpbdur:2 q:19.22 aq:4.57 tex:174 mv:68 misc:526 imb:0 pmb:17 smb:8143 d:- ref:0 ;
in:467 out:468 type:b dur:2 cpbdur:2 q:19.21 aq:6.11 tex:450 mv:30 misc:568 imb:0 pmb:22 smb:8138 d:- ref:0 ;
in:472 out:469 type:P dur:2 cpbdur:2 q:19.11 aq:4.09 tex:2370 mv:821 misc:1721 imb:315 pmb:21 smb:7824 d:- ref:0 ;
in:470 out:470 type:B dur:2 cpbdur:2 q:19.15 aq:4.97 tex:653 mv:55 misc:612 imb:1 pmb:26 smb:8133 d:- ref:0 ;
in:469 out:471 type:b dur:2 cpbdur:2 q:19.18 aq:4.00 tex:15 mv:27 misc:446 imb:0 pmb:4 smb:8156 d:- ref:0 ;
in:471 out:472 type:b dur:2 cpbdur:2 q:19.13 aq:4.13 tex:2555 mv:52 misc:865 imb:0 pmb:93 smb:8067 d:- ref:0 ;
in:473 out:473 type:P dur:2 cpbdur:2 q:18.99 aq:5.10 tex:226 mv:178 misc:684 imb:43 pmb:0 smb:8117 d:- ref:0 ;
